DEBUG:root:Order:2 3 10.0
DEBUG:root:Finish turn

DEBUG:root:Order:2 4 10.0
DEBUG:root:Finish turn

DEBUG:root:Order:2 19 15.0
DEBUG:root:Finish turn

DEBUG:root:Order:2 20 15.0
DEBUG:root:Order:2 4 7
DEBUG:root:Finish turn

DEBUG:root:Order:2 15 20.0
DEBUG:root:Bad order:4 3.0 8
DEBUG:root:Finish turn

DEBUG:root:Order:2 16 20.0
DEBUG:root:Bad order:4 12.0 17
DEBUG:root:Finish turn

DEBUG:root:Order:2 0 26.0
DEBUG:root:Bad order:4 14.0 28
DEBUG:root:Finish turn

DEBUG:root:Bad order:4 16.0 23
DEBUG:root:Bad order:19 1.0 8
DEBUG:root:Finish turn

DEBUG:root:Bad order:4 18.0 22
DEBUG:root:Bad order:19 2.0 6
DEBUG:root:Finish turn

DEBUG:root:Bad order:4 20.0 21
DEBUG:root:Bad order:19 3.0 4
DEBUG:root:Finish turn

DEBUG:root:Order:4 2 21
DEBUG:root:Order:19 2 3
DEBUG:root:Finish turn

DEBUG:root:Order:2 15 2
DEBUG:root:Order:2 19 1
DEBUG:root:Finish turn

DEBUG:root:Order:2 9 40.0
DEBUG:root:Bad order:15 4.0 10
DEBUG:root:Bad order:4 5.0 9
DEBUG:root:Bad order:19 3.0 8
DEBUG:root:Finish turn

DEBUG:root:Bad order:15 7.0 17
DEBUG:root:Bad order:4 7.0 15
DEBUG:root:Finish turn

DEBUG:root:Bad order:15 10.0 16
DEBUG:root:Bad order:15 10.0 14
DEBUG:root:Finish turn

DEBUG:root:Bad order:15 13.0 16
DEBUG:root:Bad order:15 13.0 14
DEBUG:root:Finish turn

DEBUG:root:Bad order:15 16.0 17
DEBUG:root:Order:4 19 12
DEBUG:root:Finish turn

DEBUG:root:Order:2 10 40.0
DEBUG:root:Bad order:15 19.0 28
DEBUG:root:Bad order:4 3.0 10
DEBUG:root:Order:19 2 2
DEBUG:root:Finish turn

DEBUG:root:Bad order:15 24.0 28
DEBUG:root:Bad order:4 5.0 9
DEBUG:root:Finish turn

DEBUG:root:Bad order:15 27.0 28
DEBUG:root:Bad order:4 7.0 8
DEBUG:root:Finish turn

DEBUG:root:Order:15 2 28
DEBUG:root:Order:4 2 3
DEBUG:root:Order:4 19 5
DEBUG:root:Bad order:4 1.0 7
DEBUG:root:Finish turn

DEBUG:root:Order:2 0 4
DEBUG:root:Order:15 0 3
DEBUG:root:Order:4 0 1
DEBUG:root:Finish turn

DEBUG:root:Order:2 4 13
DEBUG:root:Bad order:15 5.0 11
DEBUG:root:Order:19 4 9
DEBUG:root:Bad order:0 3.0 5
DEBUG:root:Finish turn

DEBUG:root:Bad order:15 8.0 10
DEBUG:root:Bad order:9 1.0 3
DEBUG:root:Order:0 4 2
DEBUG:root:Order:2 4 1
DEBUG:root:Finish turn

DEBUG:root:Order:15 4 11
DEBUG:root:Order:2 4 3
DEBUG:root:Order:2 19 3
DEBUG:root:Order:2 0 3
DEBUG:root:Order:9 0 3
DEBUG:root:Finish turn

DEBUG:root:Order:0 2 2
DEBUG:root:Order:0 19 1
DEBUG:root:Bad order:0 1.0 4
DEBUG:root:Order:15 4 1
DEBUG:root:Finish turn

DEBUG:root:Order:2 19 1
DEBUG:root:Finish turn

DEBUG:root:Order:2 19 2
DEBUG:root:Order:2 0 1
DEBUG:root:Order:2 4 3
DEBUG:root:Order:15 4 1
DEBUG:root:Finish turn

DEBUG:root:Order:4 0 1
DEBUG:root:Order:4 19 1
DEBUG:root:Order:4 9 3
DEBUG:root:Order:15 9 1
DEBUG:root:Finish turn

DEBUG:root:Order:2 0 2
DEBUG:root:Order:2 4 2
DEBUG:root:Order:2 19 2
DEBUG:root:Finish turn

DEBUG:root:Order:9 19 1
DEBUG:root:Order:9 2 2
DEBUG:root:Order:15 2 1
DEBUG:root:Finish turn

DEBUG:root:Order:4 5 46.0
DEBUG:root:Order:2 4 13
DEBUG:root:Order:15 4 9
DEBUG:root:Order:9 4 7
DEBUG:root:Order:19 4 6
DEBUG:root:Finish turn

DEBUG:root:Order:2 4 3
DEBUG:root:Order:2 19 3
DEBUG:root:Order:15 19 1
DEBUG:root:Finish turn

DEBUG:root:Order:19 4 1
DEBUG:root:Order:19 2 1
DEBUG:root:Finish turn

DEBUG:root:Order:2 19 2
DEBUG:root:Order:2 4 1
DEBUG:root:Order:2 9 1
DEBUG:root:Finish turn

DEBUG:root:Order:2 19 9
DEBUG:root:Order:15 19 9
DEBUG:root:Order:4 19 5
DEBUG:root:Order:4 5 7
DEBUG:root:Order:9 5 2
DEBUG:root:Finish turn

DEBUG:root:Order:9 4 4
DEBUG:root:Order:2 4 2
DEBUG:root:Order:2 19 2
DEBUG:root:Finish turn

DEBUG:root:Order:5 19 2
DEBUG:root:Order:5 4 1
DEBUG:root:Order:5 9 1
DEBUG:root:Finish turn

DEBUG:root:Order:2 19 2
DEBUG:root:Order:2 4 1
DEBUG:root:Order:2 9 1
DEBUG:root:Finish turn

DEBUG:root:Order:4 11 54.0
DEBUG:root:Order:5 4 13
DEBUG:root:Order:2 4 9
DEBUG:root:Order:15 4 9
DEBUG:root:Order:9 4 8
DEBUG:root:Order:19 4 7
DEBUG:root:Finish turn

DEBUG:root:Order:2 19 2
DEBUG:root:Order:2 4 1
DEBUG:root:Order:2 9 1
DEBUG:root:Finish turn

DEBUG:root:Order:5 10 6
DEBUG:root:Order:2 10 2
DEBUG:root:Order:15 10 2
DEBUG:root:Order:4 10 1
DEBUG:root:Order:9 10 1
DEBUG:root:Finish turn

DEBUG:root:Order:2 9 14
DEBUG:root:Order:5 9 14
DEBUG:root:Order:15 9 12
DEBUG:root:Order:4 9 10
DEBUG:root:Order:4 10 10
DEBUG:root:Finish turn

DEBUG:root:Order:19 11 8
DEBUG:root:Order:2 11 1
DEBUG:root:Order:2 9 1
DEBUG:root:Order:2 10 1
DEBUG:root:Finish turn

DEBUG:root:Order:5 9 1
DEBUG:root:Order:5 10 1
DEBUG:root:Order:5 19 1
DEBUG:root:Finish turn

DEBUG:root:Order:2 19 3
DEBUG:root:Order:2 9 2
DEBUG:root:Order:2 10 2
DEBUG:root:Finish turn

DEBUG:root:Order:5 2 2
DEBUG:root:Order:5 19 2
DEBUG:root:Order:5 9 1
DEBUG:root:Order:5 10 1
DEBUG:root:Order:5 15 4
DEBUG:root:Order:11 15 1
DEBUG:root:Finish turn

DEBUG:root:Order:15 5 3
DEBUG:root:Order:15 19 2
DEBUG:root:Order:15 9 1
DEBUG:root:Order:15 10 1
DEBUG:root:Finish turn

DEBUG:root:Order:2 15 2
DEBUG:root:Order:2 19 2
DEBUG:root:Order:2 9 1
DEBUG:root:Order:2 10 1
DEBUG:root:Finish turn

DEBUG:root:Order:5 19 2
DEBUG:root:Order:5 9 1
DEBUG:root:Order:5 2 3
DEBUG:root:Order:11 2 3
DEBUG:root:Finish turn

DEBUG:root:Order:2 19 3
DEBUG:root:Order:2 9 2
DEBUG:root:Order:2 5 1
DEBUG:root:Order:2 15 1
DEBUG:root:Finish turn

DEBUG:root:Order:2 19 1
DEBUG:root:Order:5 19 1
DEBUG:root:Order:5 9 1
DEBUG:root:Order:5 15 1
DEBUG:root:Order:11 15 1
DEBUG:root:Finish turn

DEBUG:root:Order:9 13 62.0
DEBUG:root:Order:2 9 12
DEBUG:root:Order:11 9 11
DEBUG:root:Order:15 9 11
DEBUG:root:Order:5 9 10
DEBUG:root:Order:19 9 7
DEBUG:root:Finish turn

DEBUG:root:Order:2 9 2
DEBUG:root:Order:5 9 1
DEBUG:root:Order:5 19 1
DEBUG:root:Finish turn

DEBUG:root:Order:2 19 1
DEBUG:root:Order:5 19 1
DEBUG:root:Order:11 19 1
DEBUG:root:Order:11 9 1
DEBUG:root:Finish turn

DEBUG:root:Order:2 9 2
DEBUG:root:Order:2 19 2
DEBUG:root:Order:2 15 2
DEBUG:root:Order:5 15 2
DEBUG:root:Finish turn

DEBUG:root:Order:15 19 12
DEBUG:root:Order:5 19 11
DEBUG:root:Order:11 19 10
DEBUG:root:Order:2 19 7
DEBUG:root:Order:9 19 7
DEBUG:root:Finish turn

DEBUG:root:Order:2 19 1
DEBUG:root:Order:5 19 1
DEBUG:root:Order:5 9 1
DEBUG:root:Order:5 15 1
DEBUG:root:Finish turn

DEBUG:root:Order:2 19 2
DEBUG:root:Order:2 9 1
DEBUG:root:Finish turn

DEBUG:root:Order:5 19 2
DEBUG:root:Order:11 19 1
DEBUG:root:Order:11 9 2
DEBUG:root:Finish turn

DEBUG:root:Order:19 14 62.0
DEBUG:root:Order:2 19 13
DEBUG:root:Order:5 19 12
DEBUG:root:Order:11 19 10
DEBUG:root:Order:15 19 10
DEBUG:root:Order:9 19 9
DEBUG:root:Finish turn

DEBUG:root:Order:2 19 1
DEBUG:root:Order:5 19 1
DEBUG:root:Order:5 9 1
DEBUG:root:Order:5 15 1
DEBUG:root:Finish turn

DEBUG:root:Order:2 19 2
DEBUG:root:Order:2 9 1
DEBUG:root:Finish turn

DEBUG:root:Order:9 8 64.0
DEBUG:root:Order:5 9 12
DEBUG:root:Order:11 9 12
DEBUG:root:Order:2 9 11
DEBUG:root:Order:15 9 10
DEBUG:root:Order:19 9 7
DEBUG:root:Finish turn

DEBUG:root:Order:2 9 2
DEBUG:root:Order:5 9 2
DEBUG:root:Order:5 19 1
DEBUG:root:Finish turn

DEBUG:root:Order:2 19 1
DEBUG:root:Order:11 19 1
DEBUG:root:Finish turn

DEBUG:root:Order:2 19 2
DEBUG:root:Order:5 19 2
DEBUG:root:Order:5 15 1
DEBUG:root:Finish turn

DEBUG:root:Order:19 17 69.0
DEBUG:root:Order:2 19 15
DEBUG:root:Order:11 19 15
DEBUG:root:Order:5 19 14
DEBUG:root:Order:15 19 13
DEBUG:root:Finish turn

DEBUG:root:Order:2 19 1
DEBUG:root:Order:5 19 1
DEBUG:root:Finish turn

DEBUG:root:Order:2 19 2
DEBUG:root:Order:5 19 2
DEBUG:root:Order:5 15 1
DEBUG:root:Finish turn

DEBUG:root:Order:2 14 9
DEBUG:root:Order:11 14 9
DEBUG:root:Order:5 14 8
DEBUG:root:Order:15 14 7
DEBUG:root:Order:19 14 5
DEBUG:root:Finish turn

DEBUG:root:Order:2 13 11
DEBUG:root:Order:5 13 11
DEBUG:root:Order:11 13 10
DEBUG:root:Order:11 14 10
DEBUG:root:Order:15 14 9
DEBUG:root:Order:19 14 1
DEBUG:root:Finish turn

DEBUG:root:Order:19 13 7
DEBUG:root:Order:2 13 5
DEBUG:root:Order:5 13 5
DEBUG:root:Order:14 13 3
DEBUG:root:Order:15 13 2
DEBUG:root:Order:15 11 3
DEBUG:root:Finish turn

DEBUG:root:Order:2 11 1
DEBUG:root:Order:2 15 1
DEBUG:root:Order:2 19 1
DEBUG:root:Finish turn

DEBUG:root:Order:5 19 3
DEBUG:root:Order:5 15 1
DEBUG:root:Order:5 11 3
DEBUG:root:Order:14 11 1
DEBUG:root:Finish turn

DEBUG:root:Order:19 22 76.0
DEBUG:root:Order:11 19 14
DEBUG:root:Order:2 19 12
DEBUG:root:Order:13 19 11
DEBUG:root:Order:14 19 11
DEBUG:root:Order:15 19 9
DEBUG:root:Order:5 19 8
DEBUG:root:Finish turn

DEBUG:root:Order:2 17 9
DEBUG:root:Order:5 17 9
DEBUG:root:Order:11 17 8
DEBUG:root:Order:13 17 8
DEBUG:root:Order:14 17 8
DEBUG:root:Order:15 17 7
DEBUG:root:Order:19 17 1
DEBUG:root:Finish turn

DEBUG:root:Order:2 17 2
DEBUG:root:Order:5 17 1
DEBUG:root:Order:5 19 1
DEBUG:root:Finish turn

DEBUG:root:Finish turn

DEBUG:root:Order:2 15 1
DEBUG:root:Order:5 15 1
DEBUG:root:Finish turn

DEBUG:root:Order:2 8 8
DEBUG:root:Order:5 8 8
DEBUG:root:Order:17 8 8
DEBUG:root:Order:11 8 7
DEBUG:root:Order:15 8 5
DEBUG:root:Finish turn

DEBUG:root:Order:2 8 3
DEBUG:root:Order:5 8 3
DEBUG:root:Order:17 8 3
DEBUG:root:Order:11 8 2
DEBUG:root:Order:15 8 1
DEBUG:root:Finish turn

DEBUG:root:Order:2 8 1
DEBUG:root:Order:5 8 1
DEBUG:root:Order:17 8 1
DEBUG:root:Finish turn

DEBUG:root:Order:2 22 15
DEBUG:root:Order:5 22 15
DEBUG:root:Bad order:17 5.0 14
DEBUG:root:Bad order:17 5.0 15
DEBUG:root:Order:11 19 14
DEBUG:root:Order:15 19 12
DEBUG:root:Bad order:8 4.0 8
DEBUG:root:Finish turn

DEBUG:root:Order:8 19 9
DEBUG:root:Order:2 19 4
DEBUG:root:Order:2 22 5
DEBUG:root:Order:5 22 5
DEBUG:root:Order:11 22 2
DEBUG:root:Order:11 17 1
DEBUG:root:Finish turn

DEBUG:root:Order:15 2 2
DEBUG:root:Order:15 8 2
DEBUG:root:Order:15 19 2
DEBUG:root:Order:15 22 2
DEBUG:root:Order:5 22 1
DEBUG:root:Order:11 22 1
DEBUG:root:Order:17 22 1
DEBUG:root:Finish turn

DEBUG:root:Order:22 15 4
DEBUG:root:Order:5 15 1
DEBUG:root:Order:5 8 2
DEBUG:root:Order:5 19 2
DEBUG:root:Finish turn

DEBUG:root:Order:2 15 16
DEBUG:root:Order:11 15 15
DEBUG:root:Order:22 15 13
DEBUG:root:Order:5 15 12
DEBUG:root:Bad order:8 5.0 9
DEBUG:root:Bad order:8 5.0 10
DEBUG:root:Order:19 17 10
DEBUG:root:Finish turn

DEBUG:root:Order:8 15 8
DEBUG:root:Order:2 15 2
DEBUG:root:Order:2 19 2
DEBUG:root:Order:2 17 1
DEBUG:root:Finish turn

DEBUG:root:Order:5 2 9
DEBUG:root:Order:11 2 7
DEBUG:root:Order:17 2 7
DEBUG:root:Order:15 2 5
DEBUG:root:Order:22 2 5
DEBUG:root:Order:8 2 3
DEBUG:root:Order:19 2 3
DEBUG:root:Finish turn

DEBUG:root:Order:5 19 11
DEBUG:root:Order:11 19 10
DEBUG:root:Order:15 19 5
DEBUG:root:Order:15 17 9
DEBUG:root:Order:22 17 9
DEBUG:root:Order:8 17 2
DEBUG:root:Finish turn

DEBUG:root:Order:8 15 3
DEBUG:root:Order:5 15 1
DEBUG:root:Order:5 19 2
DEBUG:root:Finish turn

DEBUG:root:Order:17 19 3
DEBUG:root:Bad order:17 1.0 2
DEBUG:root:Order:17 15 1
DEBUG:root:Finish turn

DEBUG:root:Order:5 8 11
DEBUG:root:Order:11 8 11
DEBUG:root:Order:15 8 8
DEBUG:root:Order:19 8 2
DEBUG:root:Order:19 17 5
DEBUG:root:Finish turn

DEBUG:root:Order:5 8 2
DEBUG:root:Order:5 19 2
DEBUG:root:Finish turn

DEBUG:root:Order:5 11 25
DEBUG:root:Order:15 11 25
DEBUG:root:Order:8 11 22
DEBUG:root:Order:19 11 21
DEBUG:root:Order:19 22 12
DEBUG:root:Finish turn

DEBUG:root:Order:17 19 10
DEBUG:root:Order:5 19 2
DEBUG:root:Order:5 8 1
DEBUG:root:Order:5 22 2
DEBUG:root:Finish turn

DEBUG:root:Bad order:17 0.0 24
DEBUG:root:Order:11 5 23
DEBUG:root:Order:22 5 23
DEBUG:root:Order:15 5 22
DEBUG:root:Order:8 5 19
DEBUG:root:Bad order:19 16.0 19
DEBUG:root:Finish turn

DEBUG:root:Order:19 5 19
DEBUG:root:Bad order:17 5.0 12
DEBUG:root:Order:11 5 3
DEBUG:root:Order:15 5 2
DEBUG:root:Order:22 5 2
DEBUG:root:Finish turn

DEBUG:root:Bad order:17 10.0 14
DEBUG:root:Order:17 8 1
DEBUG:root:Finish turn

DEBUG:root:Bad order:17 9.0 13
DEBUG:root:Order:17 8 3
DEBUG:root:Bad order:17 6.0 14
DEBUG:root:Order:11 22 1
DEBUG:root:Finish turn

DEBUG:root:Order:11 5 6
DEBUG:root:Order:11 17 6
DEBUG:root:Finish turn

DEBUG:root:Order:22 11 4
DEBUG:root:Finish turn

DEBUG:root:Order:5 8 2
DEBUG:root:Order:17 8 1
DEBUG:root:Order:17 11 1
DEBUG:root:Finish turn

DEBUG:root:Order:5 17 4
DEBUG:root:Order:11 17 3
DEBUG:root:Order:22 17 2
DEBUG:root:Finish turn

DEBUG:root:Order:5 8 1
DEBUG:root:Finish turn

DEBUG:root:Order:5 8 2
DEBUG:root:Order:11 8 1
DEBUG:root:Order:11 22 1
DEBUG:root:Finish turn

DEBUG:root:Order:5 22 8
DEBUG:root:Order:11 22 6
DEBUG:root:Order:8 22 3
DEBUG:root:Finish turn

DEBUG:root:Order:5 8 1
DEBUG:root:Finish turn

DEBUG:root:Order:5 8 2
DEBUG:root:Order:11 8 1
DEBUG:root:Order:11 22 1
DEBUG:root:Finish turn

DEBUG:root:Order:5 8 2
DEBUG:root:Finish turn

DEBUG:root:Order:5 22 5
DEBUG:root:Order:11 22 4
DEBUG:root:Finish turn

DEBUG:root:Order:5 8 1
DEBUG:root:Finish turn

DEBUG:root:Order:5 8 7
DEBUG:root:Order:11 8 6
DEBUG:root:Finish turn

DEBUG:root:Order:5 8 1
DEBUG:root:Finish turn

DEBUG:root:Order:5 8 2
DEBUG:root:Order:11 8 1
DEBUG:root:Finish turn

DEBUG:root:Order:5 8 2
DEBUG:root:Order:11 8 1
DEBUG:root:Finish turn

DEBUG:root:Order:5 11 19
DEBUG:root:Bad order:8 3.0 9
DEBUG:root:Finish turn

DEBUG:root:Bad order:8 6.0 7
DEBUG:root:Order:5 11 2
DEBUG:root:Finish turn

DEBUG:root:Order:8 5 1
DEBUG:root:Finish turn

DEBUG:root:Order:5 8 1
DEBUG:root:Finish turn

DEBUG:root:Order:5 8 6
DEBUG:root:Finish turn

DEBUG:root:Order:5 8 2
DEBUG:root:Finish turn

DEBUG:root:Order:5 8 2
DEBUG:root:Finish turn

DEBUG:root:Order:5 8 2
DEBUG:root:Finish turn

DEBUG:root:Bad order:8 15.0 23
DEBUG:root:Finish turn

DEBUG:root:Bad order:8 16.0 21
DEBUG:root:Finish turn

DEBUG:root:Bad order:8 18.0 19
DEBUG:root:Finish turn

DEBUG:root:Bad order:8 9.0 17
DEBUG:root:Finish turn

DEBUG:root:Finish turn

DEBUG:root:Finish turn

DEBUG:root:Finish turn

DEBUG:root:Finish turn

DEBUG:root:Finish turn

DEBUG:root:Finish turn

DEBUG:root:Finish turn

DEBUG:root:Finish turn

DEBUG:root:Finish turn

DEBUG:root:Finish turn

DEBUG:root:Finish turn

DEBUG:root:Finish turn

DEBUG:root:Finish turn

DEBUG:root:Finish turn

DEBUG:root:Finish turn

